Log file open, 02/01/18 09:09:24
LogWindows: Failed to load 'aqProf.dll' (GetLastError=126)
LogWindows: File 'aqProf.dll' does not exist
LogWindows: Failed to load 'VSPerf140.dll' (GetLastError=126)
LogWindows: File 'VSPerf140.dll' does not exist
LogWindows: Failed to load 'VtuneApi.dll' (GetLastError=126)
LogWindows: File 'VtuneApi.dll' does not exist
LogWindows: Failed to load 'VtuneApi32e.dll' (GetLastError=126)
LogWindows: File 'VtuneApi32e.dll' does not exist
LogInit: Display: Running engine for game: RogueSpace
LogPlatformFile: Not using cached read wrapper
LogInit: Display: RandInit(1989019555) SRandInit(1989019555).
LogTaskGraph: Started task graph with 5 named threads and 14 total threads with 3 sets of task threads.
LogStats: Stats thread started at 0.693522
LogD3D11RHI: Aftermath initialized
LogPluginManager: Mounting plugin Paper2D
LogPluginManager: Mounting plugin LightPropagationVolume
LogPluginManager: Mounting plugin CodeLiteSourceCodeAccess
LogPluginManager: Mounting plugin GitSourceControl
LogPluginManager: Mounting plugin KDevelopSourceCodeAccess
LogPluginManager: Mounting plugin NullSourceCodeAccess
LogPluginManager: Mounting plugin PerforceSourceControl
LogPluginManager: Mounting plugin SubversionSourceControl
LogPluginManager: Mounting plugin UObjectPlugin
LogPluginManager: Mounting plugin VisualStudioSourceCodeAccess
LogPluginManager: Mounting plugin XCodeSourceCodeAccess
LogPluginManager: Mounting plugin AssetManagerEditor
LogPluginManager: Mounting plugin AudioCapture
LogPluginManager: Mounting plugin FacialAnimation
LogPluginManager: Mounting plugin GameplayTagsEditor
LogPluginManager: Mounting plugin MobileLauncherProfileWizard
LogPluginManager: Mounting plugin PluginBrowser
LogPluginManager: Mounting plugin SpeedTreeImporter
LogPluginManager: Mounting plugin AlembicImporter
LogPluginManager: Mounting plugin CharacterAI
LogPluginManager: Mounting plugin HTML5Networking
LogPluginManager: Mounting plugin AndroidMedia
LogPluginManager: Mounting plugin AvfMedia
LogPluginManager: Mounting plugin MediaPlayerEditor
LogPluginManager: Mounting plugin WmfMedia
LogPluginManager: Mounting plugin TcpMessaging
LogPluginManager: Mounting plugin UdpMessaging
LogPluginManager: Mounting plugin LevelSequenceEditor
LogPluginManager: Mounting plugin MatineeToLevelSequence
LogPluginManager: Mounting plugin OnlineSubsystemGooglePlay
LogPluginManager: Mounting plugin OnlineSubsystemIOS
LogPluginManager: Mounting plugin OnlineSubsystem
LogPluginManager: Mounting plugin OnlineSubsystemNull
LogPluginManager: Mounting plugin OnlineSubsystemUtils
LogPluginManager: Mounting plugin AndroidDeviceProfileSelector
LogPluginManager: Mounting plugin AndroidMoviePlayer
LogPluginManager: Mounting plugin AndroidPermission
LogPluginManager: Mounting plugin AppleMoviePlayer
LogPluginManager: Mounting plugin ArchVisCharacter
LogPluginManager: Mounting plugin CableComponent
LogPluginManager: Mounting plugin CustomMeshComponent
LogPluginManager: Mounting plugin ExampleDeviceProfileSelector
LogPluginManager: Mounting plugin GoogleCloudMessaging
LogPluginManager: Mounting plugin ImmediatePhysics
LogPluginManager: Mounting plugin IOSDeviceProfileSelector
LogPluginManager: Mounting plugin LinuxDeviceProfileSelector
LogPluginManager: Mounting plugin LocationServicesBPLibrary
LogPluginManager: Mounting plugin MobilePatchingUtils
LogPluginManager: Mounting plugin OculusVR
LogPluginManager: Mounting plugin PhysXVehicles
LogPluginManager: Mounting plugin ProceduralMeshComponent
LogPluginManager: Mounting plugin RuntimePhysXCooking
LogPluginManager: Mounting plugin SteamVR
LogPluginManager: Mounting plugin WindowsMoviePlayer
LogInit: Using libcurl 7.47.1
LogInit:  - built for x86_64-pc-win32
LogInit:  - supports SSL with OpenSSL/1.0.2g
LogInit:  - supports HTTP deflate (compression) using libz 1.2.8
LogInit:  - other features:
LogInit:      CURL_VERSION_SSL
LogInit:      CURL_VERSION_LIBZ
LogInit:      CURL_VERSION_IPV6
LogInit:      CURL_VERSION_ASYNCHDNS
LogInit:      CURL_VERSION_LARGEFILE
LogInit:      CURL_VERSION_IDN
LogInit:  CurlRequestOptions (configurable via config and command line):
LogInit:  - bVerifyPeer = false  - Libcurl will NOT verify peer certificate
LogInit:  - bUseHttpProxy = false  - Libcurl will NOT use HTTP proxy
LogInit:  - bDontReuseConnections = false  - Libcurl will reuse connections
LogInit:  - CertBundlePath = nullptr  - Libcurl will use whatever was configured at build time.
LogInit: Build: ++UE4+Release-4.17-CL-3658906
LogInit: Engine Version: 4.17.2-3658906+++UE4+Release-4.17
LogInit: Compatible Engine Version: 4.17.0-3573198+++UE4+Release-4.17
LogInit: Net CL: 3573198
LogDevObjectVersion: Number of dev versions registered: 16
LogDevObjectVersion:   Dev-Blueprints (B0D832E4-1F89-4F0D-ACCF-7EB736FD4AA2): 10
LogDevObjectVersion:   Dev-Build (E1C64328-A22C-4D53-A36C-8E866417BD8C): 0
LogDevObjectVersion:   Dev-Core (375EC13C-06E4-48FB-B500-84F0262A717E): 2
LogDevObjectVersion:   Dev-Editor (E4B068ED-F494-42E9-A231-DA0B2E46BB41): 20
LogDevObjectVersion:   Dev-Framework (CFFC743F-43B0-4480-9391-14DF171D2073): 28
LogDevObjectVersion:   Dev-Mobile (B02B49B5-BB20-44E9-A304-32B752E40360): 0
LogDevObjectVersion:   Dev-Networking (A4E4105C-59A1-49B5-A7C5-40C4547EDFEE): 0
LogDevObjectVersion:   Dev-Online (39C831C9-5AE6-47DC-9A44-9C173E1C8E7C): 0
LogDevObjectVersion:   Dev-Physics (78F01B33-EBEA-4F98-B9B4-84EACCB95AA2): 0
LogDevObjectVersion:   Dev-Platform (6631380F-2D4D-43E0-8009-CF276956A95A): 0
LogDevObjectVersion:   Dev-Rendering (12F88B9F-8875-4AFC-A67C-D90C383ABD29): 19
LogDevObjectVersion:   Dev-Sequencer (7B5AE74C-D270-4C10-A958-57980B212A5A): 4
LogDevObjectVersion:   Dev-VR (D7296918-1DD6-4BDD-9DE2-64A83CC13884): 0
LogDevObjectVersion:   Dev-LoadTimes (C2A15278-BFE7-4AFE-6C17-90FF531DF755): 1
LogDevObjectVersion:   Private-Geometry (6EACA3D4-40EC-4CC1-B786-8BED09428FC5): 1
LogDevObjectVersion:   Dev-AnimPhys (29E575DD-E0A3-4627-9D10-D276232CDCEA): 7
LogInit: Compiled (64-bit): Sep 22 2017 13:47:16
LogInit: Compiled with Visual C++: 19.00.24215.01
LogInit: Build Configuration: Development
LogInit: Branch Name: ++UE4+Release-4.17
LogInit: Command line:  
LogInit: Base directory: C:/Epic/UE4/UE_4.17/Engine/Binaries/Win64/
LogInit: Installed Engine Build: 1
LogInit: Presizing for max 8388607 objects, including 0 objects not considered by GC, pre-allocating 0 bytes for permanent pool.
LogInit: Object subsystem initialized
[2018.02.01-09.09.26:792][  0]LogInit: Selected Device Profile: [Windows]
[2018.02.01-09.09.26:792][  0]LogInit: Applying CVar settings loaded from the selected device profile: [Windows]
[2018.02.01-09.09.26:854][  0]LogInit: Computer: D120-26
[2018.02.01-09.09.26:854][  0]LogInit: User: s020101e
[2018.02.01-09.09.26:854][  0]LogInit: CPU Page size=4096, Cores=4
[2018.02.01-09.09.26:854][  0]LogInit: High frequency timer resolution =3.410075 MHz
[2018.02.01-09.09.26:854][  0]LogMemory: Memory total: Physical=15.9GB (16GB approx)
[2018.02.01-09.09.26:854][  0]LogMemory: Platform Memory Stats for Windows
[2018.02.01-09.09.26:854][  0]LogMemory: Process Physical Memory: 278.35 MB used, 278.35 MB peak
[2018.02.01-09.09.26:854][  0]LogMemory: Process Virtual Memory: 281.97 MB used, 281.97 MB peak
[2018.02.01-09.09.26:854][  0]LogMemory: Physical Memory: 4250.60 MB used,  12040.72 MB free, 16291.32 MB total
[2018.02.01-09.09.26:854][  0]LogMemory: Virtual Memory: 676.77 MB used,  12040.72 MB free, 134217728.00 MB total
[2018.02.01-09.09.27:967][  0]LogInit: Using OS detected language (en-US).
[2018.02.01-09.09.27:967][  0]LogInit: Using OS detected locale (en-GB).
[2018.02.01-09.09.28:243][  0]LogTextLocalizationManager: No specific localization for 'en-US' exists, so the 'en' localization will be used.
[2018.02.01-09.09.32:079][  0]LogD3D11RHI: D3D11 adapters:
[2018.02.01-09.09.32:495][  0]LogD3D11RHI:    0. 'NVIDIA GeForce GTX 970' (Feature Level 11_0)
[2018.02.01-09.09.32:495][  0]LogD3D11RHI:       4058/0/8145 MB DedicatedVideo/DedicatedSystem/SharedSystem, Outputs:2, VendorId:0x10de
[2018.02.01-09.09.32:497][  0]LogD3D11RHI:    1. 'Microsoft Basic Render Driver' (Feature Level 11_0)
[2018.02.01-09.09.32:497][  0]LogD3D11RHI:       0/0/8145 MB DedicatedVideo/DedicatedSystem/SharedSystem, Outputs:0, VendorId:0x1414
[2018.02.01-09.09.32:497][  0]LogD3D11RHI: Chosen D3D11 Adapter: 0
[2018.02.01-09.09.32:505][  0]LogD3D11RHI: Creating new Direct3DDevice
[2018.02.01-09.09.32:505][  0]LogD3D11RHI:     GPU DeviceId: 0x13c2 (for the marketing name, search the web for "GPU Device Id")
[2018.02.01-09.09.32:505][  0]LogWindows: EnumDisplayDevices:
[2018.02.01-09.09.32:505][  0]LogWindows:    0. 'NVIDIA GeForce GTX 970' (P:1 D:1)
[2018.02.01-09.09.32:506][  0]LogWindows:    1. 'NVIDIA GeForce GTX 970' (P:0 D:1)
[2018.02.01-09.09.32:506][  0]LogWindows:    2. 'NVIDIA GeForce GTX 970' (P:0 D:0)
[2018.02.01-09.09.32:506][  0]LogWindows:    3. 'NVIDIA GeForce GTX 970' (P:0 D:0)
[2018.02.01-09.09.32:507][  0]LogWindows: DebugString: FoundDriverCount:4 
[2018.02.01-09.09.32:507][  0]LogD3D11RHI:     Adapter Name: NVIDIA GeForce GTX 970
[2018.02.01-09.09.32:507][  0]LogD3D11RHI:   Driver Version: 384.76 (internal:22.21.13.8476, unified:384.76)
[2018.02.01-09.09.32:507][  0]LogD3D11RHI:      Driver Date: 6-27-2017
[2018.02.01-09.09.32:507][  0]LogRHI: Texture pool is 1361 MB (70% of 1945 MB)
[2018.02.01-09.09.32:538][  0]LogD3D11RHI: Async texture creation enabled
[2018.02.01-09.09.32:550][  0]LogD3D11RHI: GPU Timing Frequency: 1000.000000 (Debug: 2 1)
[2018.02.01-09.09.32:552][  0]LogShaderCompilers: Guid format shader working directory is -21 characters bigger than the processId version (../../../../../../Users/s020101e/Documents/RogueSpaceProject.git/trunk/Intermediate/Shaders/WorkingDirectory/4944/).
[2018.02.01-09.09.32:553][  0]LogShaderCompilers: Cleaned the shader compiler working directory 'C:/Users/s020101e/AppData/Local/Temp/UnrealShaderWorkingDir/32665D5B4819A857AF739A8425A67FD1/'.
[2018.02.01-09.09.32:553][  0]LogShaderCompilers: Display: Using Local Shader Compiler.
[2018.02.01-09.09.35:861][  0]LogTemp: Display: Loaded TP AllDesktopTargetPlatform
[2018.02.01-09.09.36:047][  0]LogTemp: Display: Loaded TP MacClientTargetPlatform
[2018.02.01-09.09.36:191][  0]LogTemp: Display: Loaded TP MacNoEditorTargetPlatform
[2018.02.01-09.09.36:347][  0]LogTemp: Display: Loaded TP MacServerTargetPlatform
[2018.02.01-09.09.36:534][  0]LogTemp: Display: Loaded TP MacTargetPlatform
[2018.02.01-09.09.36:713][  0]LogTemp: Display: Loaded TP WindowsClientTargetPlatform
[2018.02.01-09.09.36:855][  0]LogTemp: Display: Loaded TP WindowsNoEditorTargetPlatform
[2018.02.01-09.09.37:119][  0]LogTemp: Display: Loaded TP WindowsServerTargetPlatform
[2018.02.01-09.09.37:269][  0]LogTemp: Display: Loaded TP WindowsTargetPlatform
[2018.02.01-09.09.37:528][  0]LogTemp: Display: Loaded TP AndroidTargetPlatform
[2018.02.01-09.09.37:693][  0]LogTemp: Display: Loaded TP Android_ASTCTargetPlatform
[2018.02.01-09.09.37:855][  0]LogTemp: Display: Loaded TP Android_ATCTargetPlatform
[2018.02.01-09.09.38:023][  0]LogTemp: Display: Loaded TP Android_DXTTargetPlatform
[2018.02.01-09.09.38:188][  0]LogTemp: Display: Loaded TP Android_ETC1TargetPlatform
[2018.02.01-09.09.38:327][  0]LogTemp: Display: Loaded TP Android_ETC2TargetPlatform
[2018.02.01-09.09.38:631][  0]LogTemp: Display: Loaded TP Android_MultiTargetPlatform
[2018.02.01-09.09.38:631][  0]LogTemp: Display: Loaded TP Android_PVRTCTargetPlatform
[2018.02.01-09.09.38:758][  0]LogTemp: Display: Loaded TP HTML5TargetPlatform
[2018.02.01-09.09.39:085][  0]LogTemp: Display: Loaded TP IOSTargetPlatform
[2018.02.01-09.09.39:194][  0]LogTemp: Display: Loaded TP TVOSTargetPlatform
[2018.02.01-09.09.39:359][  0]LogTemp: Display: Loaded TP LinuxClientTargetPlatform
[2018.02.01-09.09.39:536][  0]LogTemp: Display: Loaded TP LinuxNoEditorTargetPlatform
[2018.02.01-09.09.39:679][  0]LogTemp: Display: Loaded TP LinuxServerTargetPlatform
[2018.02.01-09.09.39:921][  0]LogTemp: Display: Loaded TP LinuxTargetPlatform
[2018.02.01-09.09.39:921][  0]LogTargetPlatformManager: Display: Building Assets For Windows
[2018.02.01-09.09.42:885][  0]LogDerivedDataCache: Display: Max Cache Size: 512 MB
[2018.02.01-09.09.43:645][  0]LogDerivedDataCache: Loaded boot cache 0.76s 93MB C:/Users/s020101e/AppData/Local/UnrealEngine/4.17/DerivedDataCache/Boot.ddc.
[2018.02.01-09.09.43:645][  0]LogDerivedDataCache: Display: Loaded Boot cache: C:/Users/s020101e/AppData/Local/UnrealEngine/4.17/DerivedDataCache/Boot.ddc
[2018.02.01-09.09.43:646][  0]LogDerivedDataCache: FDerivedDataBackendGraph:  Pak pak cache file ../../../../../../Users/s020101e/Documents/RogueSpaceProject.git/trunk/DerivedDataCache/DDC.ddp not found, will not use a pak cache.
[2018.02.01-09.09.43:646][  0]LogDerivedDataCache: Unable to find inner node Pak for hierarchical cache Hierarchy.
[2018.02.01-09.09.43:646][  0]LogDerivedDataCache: FDerivedDataBackendGraph:  CompressedPak pak cache file ../../../../../../Users/s020101e/Documents/RogueSpaceProject.git/trunk/DerivedDataCache/Compressed.ddp not found, will not use a pak cache.
[2018.02.01-09.09.43:646][  0]LogDerivedDataCache: Unable to find inner node CompressedPak for hierarchical cache Hierarchy.
[2018.02.01-09.09.43:738][  0]LogDerivedDataCache: Display: Pak cache opened for reading ../../../Engine/DerivedDataCache/Compressed.ddp.
[2018.02.01-09.09.43:779][  0]LogDerivedDataCache: Using Local data cache path C:/Users/s020101e/AppData/Local/UnrealEngine/Common/DerivedDataCache: Writable
[2018.02.01-09.09.43:806][  0]LogMaterial: Verifying Global Shaders for PCD3D_SM5
[2018.02.01-09.09.43:807][  0]LogSlate: Using Freetype 2.6.0
[2018.02.01-09.09.43:875][  0]LogSlate: SlateFontCache - WITH_FREETYPE: 1, WITH_HARFBUZZ: 1
[2018.02.01-09.09.43:875][  0]LogSlate: SlateFontCache - WITH_FREETYPE: 1, WITH_HARFBUZZ: 1
[2018.02.01-09.09.54:334][  0]LogAssetRegistry: FAssetRegistry took 0.0293 seconds to start up
[2018.02.01-09.09.54:914][  0]LogInit: Selected Device Profile: [Windows]
[2018.02.01-09.09.59:130][  0]LogContentStreaming: Texture pool size is 0.00 MB
[2018.02.01-09.10.01:230][  0]LogSimplygon: Simplygon DLL not present - disabling.
[2018.02.01-09.10.01:409][  0]LogMeshReduction: Using SimplygonSwarm for distributed automatic mesh merging
[2018.02.01-09.10.01:409][  0]LogMeshReduction: Using QuadricMeshReduction for automatic static mesh reduction
[2018.02.01-09.10.01:409][  0]LogMeshReduction: No automatic skeletal mesh reduction module available
[2018.02.01-09.10.01:409][  0]LogMeshReduction: No automatic mesh merging module available
[2018.02.01-09.10.01:409][  0]LogMeshMerging: No automatic mesh merging module available
[2018.02.01-09.10.06:922][  0]LogNetVersion: RogueSpace , NetCL: 3573198, EngineNetVer: 2, GameNetVer: 0 (Checksum: 490122950)
[2018.02.01-09.10.09:714][  0]LogPackageLocalizationCache: Processed 5 localized package path(s) for 2 prioritized culture(s) in 0.098957 seconds
[2018.02.01-09.10.09:722][  0]LogUObjectArray: 35825 objects as part of root set at end of initial load.
[2018.02.01-09.10.09:722][  0]LogUObjectAllocator: 7529112 out of 0 bytes used by permanent object pool.
[2018.02.01-09.10.09:722][  0]LogUObjectArray: CloseDisregardForGC: 0/0 objects in disregard for GC pool
[2018.02.01-09.10.09:991][  0]LogInit: WinSock: version 1.1 (2.2), MaxSocks=32767, MaxUdp=65467
[2018.02.01-09.10.54:887][  0]LogTcpMessaging: Initializing TcpMessaging bridge
[2018.02.01-09.10.55:047][  0]LogUdpMessaging: Initializing bridge on interface 0.0.0.0:0 to multicast group 230.0.0.1:6666.
[2018.02.01-09.10.57:472][  0]LogMaterial: Uniform references updated for custom material expression Custom.
[2018.02.01-09.10.58:613][  0]SourceControl: Source control is disabled
[2018.02.01-09.10.58:613][  0]SourceControl: Source control is disabled
[2018.02.01-09.10.58:796][  0]SourceControl: Source control is disabled
[2018.02.01-09.10.58:978][  0]SourceControl: Source control is disabled
[2018.02.01-09.11.00:849][  0]LogAndroidPermission: UAndroidPermissionCallbackProxy::GetInstance
[2018.02.01-09.11.01:588][  0]LogOcInput: OculusInput pre-init called
[2018.02.01-09.11.02:303][  0]LogEngine: Initializing Engine...
[2018.02.01-09.11.02:305][  0]LogHMD: Failed to initialize OpenVR with code 110
[2018.02.01-09.11.02:662][  0]LogStats: UGameplayTagsManager::ConstructGameplayTagTree: Construct from data asset -  0.000 s
[2018.02.01-09.11.02:662][  0]LogStats: UGameplayTagsManager::ConstructGameplayTagTree: GameplayTagTreeChangedEvent.Broadcast -  0.000 s
[2018.02.01-09.11.03:073][  0]LogAIModule: Creating AISystem for world Untitled
[2018.02.01-09.11.03:128][  0]LogInit: XAudio2 using 'Speakers (Realtek High Definition Audio)' : 2 channels at 48 kHz using 32 bits per sample (channel mask 0x3)
[2018.02.01-09.11.03:255][  0]LogInit: FAudioDevice initialized.
[2018.02.01-09.11.03:456][  0]LogDerivedDataCache: Saved boot cache 0.20s 93MB C:/Users/s020101e/AppData/Local/UnrealEngine/4.17/DerivedDataCache/Boot.ddc.
[2018.02.01-09.11.03:473][  0]LogInit: Texture streaming: Enabled
[2018.02.01-09.11.04:019][  0]LogEngineSessionManager: EngineSessionManager initialized
[2018.02.01-09.11.04:863][  0]LogWindowsTextInputMethodSystem: Display: IME system now deactivated.
[2018.02.01-09.11.04:863][  0]LogWindowsTextInputMethodSystem: Display: IME system now deactivated.
[2018.02.01-09.11.04:910][  0]LogInit: Transaction tracking system initialized
[2018.02.01-09.11.06:257][  0]BlueprintLog: New page: Editor Load
[2018.02.01-09.11.09:758][  0]LocalizationService: Localization service is disabled
[2018.02.01-09.11.12:442][  0]LogConsoleResponse: Display: 
[2018.02.01-09.11.13:833][  0]LogCook: Display: Max memory allowance for cook 16384mb min free memory 0mb
[2018.02.01-09.11.13:833][  0]LogCook: Display: Mobile HDR setting 1
[2018.02.01-09.11.13:833][  0]LogGameplayTags: Display: UGameplayTagsManager::DoneAddingNativeTags. DelegateIsBound: 0
[2018.02.01-09.11.13:996][  0]LogFileCache: Scanning file cache for directory 'C:/Users/s020101e/Documents/RogueSpaceProject.git/trunk/Content/' took 0.01s
[2018.02.01-09.11.19:581][  0]SourceControl: Source control is disabled
[2018.02.01-09.11.19:582][  0]Cmd: MAP LOAD FILE="../../../Engine/Content/Maps/Templates/Template_Default.umap" TEMPLATE=1 SHOWPROGRESS=1 FEATURELEVEL=3
[2018.02.01-09.11.19:582][  0]LightingResults: New page: Lighting Build
[2018.02.01-09.11.19:708][  0]MapCheck: New page: Map Check
[2018.02.01-09.11.19:708][  0]LightingResults: New page: Lighting Build
[2018.02.01-09.11.23:402][  0]LogAIModule: Creating AISystem for world Untitled_1
[2018.02.01-09.11.23:519][  0]LogEditorServer: Finished looking for orphan Actors (0.000 secs)
[2018.02.01-09.11.23:544][  0]Cmd: MAP CHECKDEP NOCLEARLOG
[2018.02.01-09.11.23:636][  0]MapCheck: Map check complete: 0 Error(s), 0 Warning(s), took 92.275ms to complete.
[2018.02.01-09.11.23:636][  0]LogFileHelpers: Loading map 'Template_Default' took 4.055
[2018.02.01-09.11.24:291][  0]LogCollectionManager: Loaded 0 collections in 0.002812 seconds
[2018.02.01-09.11.24:547][  0]LogFileCache: Scanning file cache for directory 'C:/Users/s020101e/Documents/RogueSpaceProject.git/trunk/Saved/Collections/' took 0.01s
[2018.02.01-09.11.24:547][  0]LogFileCache: Scanning file cache for directory 'C:/Users/s020101e/Documents/RogueSpaceProject.git/trunk/Content/Developers/s020101e/Collections/' took 0.01s
[2018.02.01-09.11.24:547][  0]LogFileCache: Scanning file cache for directory 'C:/Users/s020101e/Documents/RogueSpaceProject.git/trunk/Content/Collections/' took 0.01s
[2018.02.01-09.11.24:547][  0]LogCollectionManager: Rebuilt the GUID cache for 0 collections in 0.000001 seconds
[2018.02.01-09.11.24:558][  0]LogContentBrowser: Native class hierarchy populated in 0.0104 seconds. Added 2386 classes and 500 folders.
[2018.02.01-09.11.24:795][  0]LogContentBrowser: Native class hierarchy updated for 'WidgetCarousel' in 0.0008 seconds. Added 0 classes and 0 folders.
[2018.02.01-09.11.29:222][  0]LogContentBrowser: Native class hierarchy updated for 'AddContentDialog' in 0.0020 seconds. Added 0 classes and 0 folders.
[2018.02.01-09.11.29:423][  0]LogContentBrowser: Native class hierarchy updated for 'SceneOutliner' in 0.0008 seconds. Added 1 classes and 2 folders.
[2018.02.01-09.11.34:918][  0]LogTemp: Executing iPhonePackager certificates Engine -bundlename com.YourCompany.RogueSpace
[2018.02.01-09.11.34:918][  0]LogTemp: CWD: C:\Epic\UE4\UE_4.17\Engine\Binaries\DotNET\IOS
[2018.02.01-09.11.34:918][  0]LogTemp: Initial Dir: C:\Epic\UE4\UE_4.17
[2018.02.01-09.11.34:918][  0]LogTemp: Env CWD: C:\Epic\UE4\UE_4.17\Engine\Binaries\DotNET\IOS
[2018.02.01-09.11.34:918][  0]LogTemp: BranchPath = D120-26/C/Epic/UE4/UE_4.17/Engine/Binaries --- GameBranchPath = D120-26/C/Epic/UE4/UE_4.17/Engine/Binaries
[2018.02.01-09.11.34:918][  0]LogTemp: IPP ERROR: Could not find provision directory 'C:\Users\s020101e\AppData\Local/Apple Computer/MobileDevice/Provisioning Profiles/'.
[2018.02.01-09.11.34:918][  0]LogSlate: Took 0.027815 seconds to synchronously load lazily loaded font '../../../Engine/Content/Slate/Fonts/Roboto-Regular.ttf' (155K)
[2018.02.01-09.11.34:932][  0]LogSlate: Took 0.011736 seconds to synchronously load lazily loaded font '../../../Engine/Content/Slate/Fonts/Roboto-Bold.ttf' (160K)
[2018.02.01-09.11.35:031][  0]LogSlate: Took 0.093823 seconds to synchronously load lazily loaded font '../../../Engine/Content/Editor/Slate/Fonts/FontAwesome.ttf' (139K)
[2018.02.01-09.11.35:812][  0]LogRenderer: Reallocating scene render targets to support 1208x576 Format 10 NumSamples 1 (Frame:1).
[2018.02.01-09.11.36:127][  0]LogContentBrowser: Native class hierarchy updated for 'HierarchicalLODOutliner' in 0.0008 seconds. Added 1 classes and 2 folders.
[2018.02.01-09.11.36:128][  0]LogLoad: (Engine Initialization) Total time: 139.99 seconds
[2018.02.01-09.11.36:128][  0]LogLoad: (Engine Initialization) Total Blueprint compile time: 0.00 seconds
[2018.02.01-09.11.36:128][  0]LogExternalProfiler: No external profilers were discovered.  External profiling features will not be available.
[2018.02.01-09.11.36:160][  0]LogContentStreaming: Texture pool size now 1000 MB
[2018.02.01-09.11.36:290][  0]LogSlate: Took 0.015421 seconds to synchronously load lazily loaded font '../../../Engine/Content/Slate/Fonts/Roboto-Light.ttf' (159K)
[2018.02.01-09.11.36:335][  1]LogAssetRegistry: Asset discovery search completed in 102.0227 seconds
[2018.02.01-09.11.36:338][  1]LogCollectionManager: Rebuilt the object cache for 0 collections in 0.000001 seconds (found 0 objects)
[2018.02.01-09.11.36:339][  1]LogCollectionManager: Fixed up redirectors for 0 collections in 0.000068 seconds (updated 0 objects)
[2018.02.01-09.11.37:490][ 50]LogSlate: Took 0.000273 seconds to synchronously load lazily loaded font '../../../Engine/Content/Slate/Fonts/Roboto-Light.ttf' (159K)
[2018.02.01-09.12.00:475][613]LogSlate: Took 0.000225 seconds to synchronously load lazily loaded font '../../../Engine/Content/Slate/Fonts/Roboto-Light.ttf' (159K)
[2018.02.01-09.12.00:814][613]LogTexture: Display: Building textures: SkyOcclusion1_1 (AutoDXT, 256X128)
[2018.02.01-09.12.00:814][613]LogTexture: Display: Building textures: HQ_Lightmap1_1 (AutoDXT, 256X256)
[2018.02.01-09.12.00:814][613]LogTexture: Display: Building textures: LQ_Lightmap_1_1 (DXT1, 256X256)
[2018.02.01-09.12.00:814][613]LogTexture: Display: Building textures: ShadowMapTexture2D_1 (G8, 256X64)
[2018.02.01-09.12.00:814][613]LogTexture: Display: Building textures: tileable-classic-nebula-space-patterns-5 (AutoDXT, 1024X1024)
[2018.02.01-09.12.00:814][613]LogMaterial: Missing cached shader map for material SpaceBackgroundMaterial, compiling. 
[2018.02.01-09.12.00:876][613]LogMaterial: Missing cached shader map for material PlaceHolderShipMat, compiling. 
[2018.02.01-09.12.00:889][613]LogStaticMesh: Building static mesh PlaceholderShip...
[2018.02.01-09.12.00:895][613]LogStaticMesh: Built static mesh [0.01s] /Game/Assets/PlaceholderShip/PlaceholderShip.PlaceholderShip
[2018.02.01-09.12.01:004][613]LogAIModule: Creating AISystem for world MainLevel
[2018.02.01-09.12.01:024][613]Cmd: MAP LOAD FILE="../../../../../../Users/s020101e/Documents/RogueSpaceProject.git/trunk/Content/Levels/MainLevel.umap" TEMPLATE=0 SHOWPROGRESS=1 FEATURELEVEL=3
[2018.02.01-09.12.01:024][613]LightingResults: New page: Lighting Build
[2018.02.01-09.12.01:025][613]LoadErrors: New page: Loading map: MainLevel.umap
[2018.02.01-09.12.01:025][613]MapCheck: New page: Map Check
[2018.02.01-09.12.01:025][613]LightingResults: New page: Lighting Build
[2018.02.01-09.12.01:089][613]LogEditorServer: Finished looking for orphan Actors (0.000 secs)
[2018.02.01-09.12.01:119][613]Cmd: MAP CHECKDEP NOCLEARLOG
[2018.02.01-09.12.01:196][613]MapCheck: Map check complete: 0 Error(s), 0 Warning(s), took 76.793ms to complete.
[2018.02.01-09.12.01:196][613]LogFileHelpers: Loading map 'MainLevel' took 0.172
[2018.02.01-09.13.02:245][755]LogSourceControl: Warning: '../../../../../../Users/s020101e/Documents/RogueSpaceProject.git/trunk/' is not part of a Git repository
[2018.02.01-09.13.08:827][513]SourceControl: Source control is disabled
[2018.02.01-09.13.35:128][655]LogSourceControl: Attempting "svn info "C:/Users/s020101e/Documents/RogueSpaceProject.git/trunk/" --xml --non-interactive --trust-server-cert --username cwsouthorn@yahoo.co.uk --password ********"
[2018.02.01-09.13.35:321][678]LogSourceControl: Unable to detect system-level svn binary.
[2018.02.01-09.13.35:321][678]LogSourceControl: Using path C:/Epic/UE4/UE_4.17/Engine/Binaries/ThirdParty/svn/Win64/svn.exe for svn operations
[2018.02.01-09.13.36:295][795]LogSourceControl: Attempting "svn status --show-updates --verbose --xml "C:/Users/s020101e/Documents/RogueSpaceProject.git/trunk/" --non-interactive --trust-server-cert --username cwsouthorn@yahoo.co.uk --password ********"
[2018.02.01-09.13.38:220][ 25]LogSourceControl: Attempting "svn status --show-updates --verbose --xml "C:/Users/s020101e/Documents/RogueSpaceProject.git" --non-interactive --trust-server-cert --username cwsouthorn@yahoo.co.uk --password ********"
[2018.02.01-09.23.19:410][754]LogContentBrowser: Native class hierarchy updated for 'BlueprintGraph' in 0.0012 seconds. Added 113 classes and 0 folders.
[2018.02.01-09.23.20:142][754]LogSlate: Took 0.000396 seconds to synchronously load lazily loaded font '../../../Engine/Content/Slate/Fonts/Roboto-Regular.ttf' (155K)
[2018.02.01-09.23.20:422][754]LogSlate: Took 0.009978 seconds to synchronously load lazily loaded font '../../../Engine/Content/Editor/Slate/Fonts/Roboto-BoldCondensed.ttf' (158K)
[2018.02.01-09.23.20:627][755]LogSourceControl: Attempting "svn status --show-updates --verbose --xml "C:/Users/s020101e/Documents/RogueSpaceProject.git/trunk/Content/Blueprint/RogueSpaceGameMOde.uasset" --non-interactive --trust-server-cert --username cwsouthorn@yahoo.co.uk --password ********"
[2018.02.01-09.23.20:627][755]LogSlate: Took 0.017181 seconds to synchronously load lazily loaded font '../../../Engine/Content/Editor/Slate/Fonts/Roboto-Italic.ttf' (157K)
[2018.02.01-09.23.36:381][293]LogTemp: Repeating last play command: New Editor Window (PIE)
[2018.02.01-09.23.36:417][293]LogBlueprintUserMessages: Early PlayInEditor Detection: Level '/Game/Levels/MainLevel.MainLevel:PersistentLevel' has LevelScriptBlueprint '/Game/Levels/MainLevel.MainLevel:PersistentLevel.MainLevel' with GeneratedClass '/Game/Levels/MainLevel.MainLevel_C' with ClassGeneratedBy '/Game/Levels/MainLevel.MainLevel:PersistentLevel.MainLevel'
[2018.02.01-09.23.36:417][293]LogPlayLevel: PlayLevel: No blueprints needed recompiling
[2018.02.01-09.23.36:418][293]PIE: New page: PIE session: MainLevel (1 Feb 2018 09:23:36)
[2018.02.01-09.23.36:418][293]LogPlayLevel: Creating play world package: /Game/Levels/UEDPIE_0_MainLevel
[2018.02.01-09.23.36:420][293]LogPlayLevel: PIE: StaticDuplicateObject took: (0.001926s)
[2018.02.01-09.23.36:420][293]LogAIModule: Creating AISystem for world MainLevel
[2018.02.01-09.23.36:421][293]LogPlayLevel: PIE: World Init took: (0.000903s)
[2018.02.01-09.23.36:421][293]LogPlayLevel: PIE: Created PIE world by copying editor world from /Game/Levels/MainLevel.MainLevel to /Game/Levels/UEDPIE_0_MainLevel.MainLevel (0.003089s)
[2018.02.01-09.23.36:446][293]LogInit: XAudio2 using 'Speakers (Realtek High Definition Audio)' : 2 channels at 48 kHz using 32 bits per sample (channel mask 0x3)
[2018.02.01-09.23.36:457][293]LogInit: FAudioDevice initialized.
[2018.02.01-09.23.36:540][293]LogLoad: Game class is 'RogueSpaceGameMode_C'
[2018.02.01-09.23.36:545][293]LogWorld: Bringing World /Game/Levels/UEDPIE_0_MainLevel.MainLevel up for play (max tick rate 0) at 2018.02.01-09.23.36
[2018.02.01-09.23.36:545][293]LogWorld: Bringing up level for play took: 0.002584
[2018.02.01-09.23.36:787][293]LogContentBrowser: Native class hierarchy updated for 'MovieSceneCapture' in 0.0010 seconds. Added 11 classes and 0 folders.
[2018.02.01-09.23.36:793][293]LogConsoleResponse: Display: 
[2018.02.01-09.23.36:820][293]PIE: Play in editor start time for /Game/Levels/UEDPIE_0_MainLevel 0.288
[2018.02.01-09.23.36:821][293]LogBlueprintUserMessages: Late PlayInEditor Detection: Level '/Game/Levels/MainLevel.MainLevel:PersistentLevel' has LevelScriptBlueprint '/Game/Levels/MainLevel.MainLevel:PersistentLevel.MainLevel' with GeneratedClass '/Game/Levels/MainLevel.MainLevel_C' with ClassGeneratedBy '/Game/Levels/MainLevel.MainLevel:PersistentLevel.MainLevel'
[2018.02.01-09.23.36:886][293]LogRenderer: Reallocating scene render targets to support 1208x996 Format 10 NumSamples 1 (Frame:1).
[2018.02.01-09.23.46:364][170]LogBlueprintUserMessages: Early EndPlayMap Detection: Level '/Game/Levels/MainLevel.MainLevel:PersistentLevel' has LevelScriptBlueprint '/Game/Levels/MainLevel.MainLevel:PersistentLevel.MainLevel' with GeneratedClass '/Game/Levels/MainLevel.MainLevel_C' with ClassGeneratedBy '/Game/Levels/MainLevel.MainLevel:PersistentLevel.MainLevel'
[2018.02.01-09.23.46:395][170]LogBlueprintUserMessages: Late EndPlayMap Detection: Level '/Game/Levels/MainLevel.MainLevel:PersistentLevel' has LevelScriptBlueprint '/Game/Levels/MainLevel.MainLevel:PersistentLevel.MainLevel' with GeneratedClass '/Game/Levels/MainLevel.MainLevel_C' with ClassGeneratedBy '/Game/Levels/MainLevel.MainLevel:PersistentLevel.MainLevel'
[2018.02.01-09.43.36:353][118]LogSourceControl: Attempting "svn status --show-updates --verbose --xml "C:/Users/s020101e/Documents/RogueSpaceProject.git/trunk/Content/Blueprint/NewBlueprint.uasset" --non-interactive --trust-server-cert --username cwsouthorn@yahoo.co.uk --password ********"
[2018.02.01-09.43.38:057][119]LogSourceControl: Attempting "svn status --show-updates --verbose --xml "C:/Users/s020101e/Documents/RogueSpaceProject.git/trunk/Content/Blueprint/NewBlueprint.uasset" --non-interactive --trust-server-cert --username cwsouthorn@yahoo.co.uk --password ********"
[2018.02.01-09.43.38:182][130]LogSourceControl: Attempting "svn status --show-updates --verbose --xml "C:/Users/s020101e/Documents/RogueSpaceProject.git/trunk/Content/Blueprint/RogueSpaceGameMOde.uasset" --non-interactive --trust-server-cert --username cwsouthorn@yahoo.co.uk --password ********"
[2018.02.01-09.43.40:657][149]LogSourceControl: Attempting "svn status --show-updates --verbose --xml "C:/Users/s020101e/Documents/RogueSpaceProject.git/trunk/Content/Blueprint/NewBlueprint.uasset" --non-interactive --trust-server-cert --username cwsouthorn@yahoo.co.uk --password ********"
[2018.02.01-09.43.53:402][850]LogSourceControl: Attempting "svn status --show-updates --verbose --xml "C:/Users/s020101e/Documents/RogueSpaceProject.git/trunk/Content/Levels/MainLevel.umap" --non-interactive --trust-server-cert --username cwsouthorn@yahoo.co.uk --password ********"
[2018.02.01-09.43.56:974][850]LogSourceControl: Attempting "svn status --show-updates --verbose --xml "C:/Users/s020101e/Documents/RogueSpaceProject.git/trunk/Content/Levels/MainLevel.umap" --non-interactive --trust-server-cert --username cwsouthorn@yahoo.co.uk --password ********"
[2018.02.01-09.43.58:549][850]LogSourceControl: Attempting "svn lock "C:/Users/s020101e/Documents/RogueSpaceProject.git/trunk/Content/Levels/MainLevel.umap" --non-interactive --trust-server-cert --username cwsouthorn@yahoo.co.uk --password ********"
[2018.02.01-09.43.59:238][850]LogSourceControl: Attempting "svn status --show-updates --verbose --xml "C:/Users/s020101e/Documents/RogueSpaceProject.git/trunk/Content/Levels/MainLevel.umap" --non-interactive --trust-server-cert --username cwsouthorn@yahoo.co.uk --password ********"
[2018.02.01-09.44.00:848][850]SourceControl: Error: svn: warning: W160042: Path 'MainLevel.umap' doesn't exist in HEAD revision (405 Method Not Allowed)
[2018.02.01-09.44.00:848][850]SourceControl: Error: svn: E200009: One or more locks could not be obtained
[2018.02.01-09.44.04:085][850]LogSavePackage: Save=54.63ms
[2018.02.01-09.44.04:085][850]LogSavePackage: Moving '../../../../../../Users/s020101e/Documents/RogueSpaceProject.git/trunk/Saved/MainLevel88EDD2A542E689E6C01E07B1B0E61BBD.tmp' to '../../../../../../Users/s020101e/Documents/RogueSpaceProject.git/trunk/Content/Levels/MainLevel.umap'
[2018.02.01-09.44.04:087][850]LogSavePackage: Display: Finished SavePackage ../../../../../../Users/s020101e/Documents/RogueSpaceProject.git/trunk/Content/Levels/MainLevel.umap
[2018.02.01-09.44.04:120][850]LogSourceControl: Attempting "svn status --show-updates --verbose --xml "C:/Users/s020101e/Documents/RogueSpaceProject.git/trunk/Content/Levels/MainLevel_BuiltData.uasset" --non-interactive --trust-server-cert --username cwsouthorn@yahoo.co.uk --password ********"
[2018.02.01-09.44.11:432][850]Cmd: OBJ SAVEPACKAGE PACKAGE="/Game/Levels/MainLevel_BuiltData" FILE="../../../../../../Users/s020101e/Documents/RogueSpaceProject.git/trunk/Content/Levels/MainLevel_BuiltData.uasset" SILENT=true
[2018.02.01-09.44.11:457][850]LogSavePackage: Save=12.41ms
[2018.02.01-09.44.11:457][850]LogSavePackage: Moving '../../../../../../Users/s020101e/Documents/RogueSpaceProject.git/trunk/Saved/MainLevel_BuiltData8B2C7A264CD0C463A63315A4A2D6F7F0.tmp' to '../../../../../../Users/s020101e/Documents/RogueSpaceProject.git/trunk/Content/Levels/MainLevel_BuiltData.uasset'
[2018.02.01-09.44.11:459][850]LogSavePackage: Display: Finished SavePackage ../../../../../../Users/s020101e/Documents/RogueSpaceProject.git/trunk/Content/Levels/MainLevel_BuiltData.uasset
[2018.02.01-09.44.15:806][270]LogSourceControl: Attempting "svn status --show-updates --verbose --xml "C:/Users/s020101e/Documents/RogueSpaceProject.git/trunk/Content/Levels/MainLevel.umap" --non-interactive --trust-server-cert --username cwsouthorn@yahoo.co.uk --password ********"
[2018.02.01-09.44.21:342][270]LogSavePackage: Save=51.04ms
[2018.02.01-09.44.21:342][270]LogSavePackage: Moving '../../../../../../Users/s020101e/Documents/RogueSpaceProject.git/trunk/Saved/MainLevelF755A10A4B72F0910C2B0FA8BDA2D82C.tmp' to '../../../../../../Users/s020101e/Documents/RogueSpaceProject.git/trunk/Content/Levels/MainLevel.umap'
[2018.02.01-09.44.21:345][270]LogSavePackage: Display: Finished SavePackage ../../../../../../Users/s020101e/Documents/RogueSpaceProject.git/trunk/Content/Levels/MainLevel.umap
[2018.02.01-09.44.21:398][270]LogSourceControl: Attempting "svn status --show-updates --verbose --xml "C:/Users/s020101e/Documents/RogueSpaceProject.git/trunk/Content/Levels/MainLevel_BuiltData.uasset" --non-interactive --trust-server-cert --username cwsouthorn@yahoo.co.uk --password ********"
[2018.02.01-09.44.23:136][270]Cmd: OBJ SAVEPACKAGE PACKAGE="/Game/Levels/MainLevel_BuiltData" FILE="../../../../../../Users/s020101e/Documents/RogueSpaceProject.git/trunk/Content/Levels/MainLevel_BuiltData.uasset" SILENT=true
[2018.02.01-09.44.23:159][270]LogSavePackage: Save=10.52ms
[2018.02.01-09.44.23:159][270]LogSavePackage: Moving '../../../../../../Users/s020101e/Documents/RogueSpaceProject.git/trunk/Saved/MainLevel_BuiltData0E22766941447A7AF8D74F8A8B3463C3.tmp' to '../../../../../../Users/s020101e/Documents/RogueSpaceProject.git/trunk/Content/Levels/MainLevel_BuiltData.uasset'
[2018.02.01-09.44.23:162][270]LogSavePackage: Display: Finished SavePackage ../../../../../../Users/s020101e/Documents/RogueSpaceProject.git/trunk/Content/Levels/MainLevel_BuiltData.uasset
[2018.02.01-09.44.25:316][492]LogSourceControl: Attempting "svn status --show-updates --verbose --xml "C:/Users/s020101e/Documents/RogueSpaceProject.git/trunk/Content/Blueprint/NewBlueprint.uasset" --non-interactive --trust-server-cert --username cwsouthorn@yahoo.co.uk --password ********"
[2018.02.01-09.44.26:997][492]Cmd: OBJ SAVEPACKAGE PACKAGE="/Game/Blueprint/NewBlueprint" FILE="../../../../../../Users/s020101e/Documents/RogueSpaceProject.git/trunk/Content/Blueprint/NewBlueprint.uasset" SILENT=true
[2018.02.01-09.44.27:018][492]LogSavePackage: Save=17.15ms
[2018.02.01-09.44.27:018][492]LogSavePackage: Moving '../../../../../../Users/s020101e/Documents/RogueSpaceProject.git/trunk/Saved/NewBlueprint6334867D4E6A8512AF848A8733C0C647.tmp' to '../../../../../../Users/s020101e/Documents/RogueSpaceProject.git/trunk/Content/Blueprint/NewBlueprint.uasset'
[2018.02.01-09.44.27:024][492]LogSavePackage: Display: Finished SavePackage ../../../../../../Users/s020101e/Documents/RogueSpaceProject.git/trunk/Content/Blueprint/NewBlueprint.uasset
[2018.02.01-09.44.27:042][492]LogSourceControl: Attempting "svn add --force --parents "C:/Users/s020101e/Documents/RogueSpaceProject.git/trunk/Content/Blueprint/NewBlueprint.uasset" --non-interactive --trust-server-cert --username cwsouthorn@yahoo.co.uk --password ********"
[2018.02.01-09.44.27:133][492]LogSourceControl: Attempting "svn status --verbose --xml "C:/Users/s020101e/Documents/RogueSpaceProject.git/trunk/Content/Blueprint/NewBlueprint.uasset" --non-interactive --trust-server-cert --username cwsouthorn@yahoo.co.uk --password ********"
[2018.02.01-09.44.27:167][492]SourceControl: A  (bin)  C:\Users\s020101e\Documents\RogueSpaceProject.git\trunk\Content\Blueprint\NewBlueprint.uasset
[2018.02.01-09.44.27:185][493]LogSourceControl: Attempting "svn status --show-updates --verbose --xml "C:/Users/s020101e/Documents/RogueSpaceProject.git/trunk/Content/Blueprint/NewBlueprint.uasset" --non-interactive --trust-server-cert --username cwsouthorn@yahoo.co.uk --password ********"
[2018.02.01-09.44.59:981][103]LogSourceControl: Attempting "svn status --show-updates --verbose --xml "C:/Epic/UE4/UE_4.17/Engine/Content/" "C:/Users/s020101e/Documents/RogueSpaceProject.git/trunk/Content/" "C:/Users/s020101e/Documents/RogueSpaceProject.git/trunk/Config/" "C:/Users/s020101e/Documents/RogueSpaceProject.git/trunk/RogueSpace.uproject" --non-interactive --trust-server-cert --username cwsouthorn@yahoo.co.uk --password ********"
[2018.02.01-09.45.04:667][563]SourceControl: svn: warning: W155007: 'C:\Epic\UE4\UE_4.17\Engine\Content' is not a working copy
[2018.02.01-09.45.10:888][563]LogSourceControl: Attempting "svn status --show-updates --verbose --xml "C:/Users/s020101e/Documents/RogueSpaceProject.git/trunk/Content/Blueprint/NewBlueprint.uasset" --non-interactive --trust-server-cert --username cwsouthorn@yahoo.co.uk --password ********"
[2018.02.01-09.45.12:533][563]LogSourceControl: Attempting "svn status --verbose --show-updates --xml "C:/Users/s020101e/Documents/RogueSpaceProject.git/trunk/Content/Blueprint" --non-interactive --trust-server-cert --username cwsouthorn@yahoo.co.uk --password ********"
[2018.02.01-09.45.14:165][563]LogSourceControl: Attempting "svn status --verbose --show-updates --xml "C:/Users/s020101e/Documents/RogueSpaceProject.git/trunk/Content/Blueprint/NewBlueprint.uasset" --non-interactive --trust-server-cert --username cwsouthorn@yahoo.co.uk --password ********"
[2018.02.01-09.45.15:778][563]LogSourceControl: Attempting "svn commit --file "../../../../../../Users/s020101e/Documents/RogueSpaceProject.git/trunk/Saved/Logs/SVN-TempCEB5E6A2408B0396F67891BA5E2CC657.txt" --encoding utf-8 --targets "../../../../../../Users/s020101e/Documents/RogueSpaceProject.git/trunk/Saved/Logs/SVN-TempDACDC8774BFD75A10AD37FAE4D0C617C.txt" --non-interactive --trust-server-cert --username cwsouthorn@yahoo.co.uk --password ********"
[2018.02.01-09.45.17:186][563]LogSourceControl: Attempting "svn status --verbose --show-updates --xml "C:/Users/s020101e/Documents/RogueSpaceProject.git/trunk/Content/Blueprint/NewBlueprint.uasset" --non-interactive --trust-server-cert --username cwsouthorn@yahoo.co.uk --password ********"
[2018.02.01-09.45.18:886][563]SourceControl: Error: svn: E215004: Authentication failed and interactive prompting is disabled; see the --force-interactive option
[2018.02.01-09.45.18:886][563]SourceControl: Error: svn: E215004: Commit failed (details follow):
[2018.02.01-09.45.18:886][563]SourceControl: Error: svn: E215004: No more credentials or we tried too many times.
[2018.02.01-09.45.18:886][563]SourceControl: Error: Authentication failed
[2018.02.01-09.45.18:886][563]SourceControl: Error: svn: E200042: Additional errors:
[2018.02.01-09.45.18:886][563]SourceControl: Error: svn: E120191: Error running context: The requested authentication type(s) are not supported
[2018.02.01-09.45.33:902][  2]LogSourceControl: Attempting "svn info "C:/Users/s020101e/Documents/RogueSpaceProject.git/trunk/" --xml --non-interactive --trust-server-cert --username cwsouthorn@yahoo.co.uk --password ********"
[2018.02.01-09.45.34:014][ 12]LogSourceControl: Attempting "svn status --show-updates --verbose --xml "C:/Users/s020101e/Documents/RogueSpaceProject.git/trunk/" --non-interactive --trust-server-cert --username cwsouthorn@yahoo.co.uk --password ********"
[2018.02.01-09.45.38:709][447]LogSourceControl: Attempting "svn status --show-updates --verbose --xml "C:/Epic/UE4/UE_4.17/Engine/Content/" "C:/Users/s020101e/Documents/RogueSpaceProject.git/trunk/Content/" "C:/Users/s020101e/Documents/RogueSpaceProject.git/trunk/Config/" "C:/Users/s020101e/Documents/RogueSpaceProject.git/trunk/RogueSpace.uproject" --non-interactive --trust-server-cert --username cwsouthorn@yahoo.co.uk --password ********"
[2018.02.01-09.45.43:353][881]SourceControl: svn: warning: W155007: 'C:\Epic\UE4\UE_4.17\Engine\Content' is not a working copy
[2018.02.01-09.45.46:626][881]LogSourceControl: Attempting "svn status --show-updates --verbose --xml "C:/Users/s020101e/Documents/RogueSpaceProject.git/trunk/Content/Blueprint/NewBlueprint.uasset" --non-interactive --trust-server-cert --username cwsouthorn@yahoo.co.uk --password ********"
[2018.02.01-09.45.48:290][881]LogSourceControl: Attempting "svn status --verbose --show-updates --xml "C:/Users/s020101e/Documents/RogueSpaceProject.git/trunk/Content/Blueprint" --non-interactive --trust-server-cert --username cwsouthorn@yahoo.co.uk --password ********"
[2018.02.01-09.45.49:948][881]LogSourceControl: Attempting "svn status --verbose --show-updates --xml "C:/Users/s020101e/Documents/RogueSpaceProject.git/trunk/Content/Blueprint/NewBlueprint.uasset" --non-interactive --trust-server-cert --username cwsouthorn@yahoo.co.uk --password ********"
[2018.02.01-09.45.51:566][881]LogSourceControl: Attempting "svn commit --file "../../../../../../Users/s020101e/Documents/RogueSpaceProject.git/trunk/Saved/Logs/SVN-TempBA8A2C8B4BCDB3CA3F12EAB275C02626.txt" --encoding utf-8 --targets "../../../../../../Users/s020101e/Documents/RogueSpaceProject.git/trunk/Saved/Logs/SVN-Temp0DBE21E64E82022D76AF52BC39B4AF55.txt" --non-interactive --trust-server-cert --username cwsouthorn@yahoo.co.uk --password ********"
[2018.02.01-09.45.52:773][881]LogSourceControl: Attempting "svn status --verbose --show-updates --xml "C:/Users/s020101e/Documents/RogueSpaceProject.git/trunk/Content/Blueprint/NewBlueprint.uasset" --non-interactive --trust-server-cert --username cwsouthorn@yahoo.co.uk --password ********"
[2018.02.01-09.45.54:398][881]SourceControl: Error: svn: E215004: Authentication failed and interactive prompting is disabled; see the --force-interactive option
[2018.02.01-09.45.54:398][881]SourceControl: Error: svn: E215004: Commit failed (details follow):
[2018.02.01-09.45.54:398][881]SourceControl: Error: svn: E215004: No more credentials or we tried too many times.
[2018.02.01-09.45.54:398][881]SourceControl: Error: Authentication failed
[2018.02.01-09.45.54:398][881]SourceControl: Error: svn: E200042: Additional errors:
[2018.02.01-09.45.54:398][881]SourceControl: Error: svn: E120191: Error running context: The requested authentication type(s) are not supported
